This is pdfTeX, Version 3.141592653-2.6-1.40.27 (MiKTeX 25.4) (preloaded format=pdflatex 2025.6.4)  6 JUN 2025 15:50
entering extended mode
 restricted \write18 enabled.
 %&-line parsing enabled.
**./reports/latex/report.tex
(reports/latex/report.tex
LaTeX2e <2024-11-01> patch level 2
L3 programming layer <2025-04-29>
(C:\Users\User\AppData\Local\Programs\MiKTeX\tex/latex/base\article.cls
Document Class: article 2024/06/29 v1.4n Standard LaTeX document class
(C:\Users\User\AppData\Local\Programs\MiKTeX\tex/latex/base\size10.clo
File: size10.clo 2024/06/29 v1.4n Standard LaTeX file (size option)
)
\c@part=\count272
\c@section=\count273
\c@subsection=\count274
\c@subsubsection=\count275
\c@paragraph=\count276
\c@subparagraph=\count277
\c@figure=\count278
\c@table=\count279
\abovecaptionskip=\skip49
\belowcaptionskip=\skip50
\bibindent=\dimen146
)
(C:\Users\User\AppData\Local\Programs\MiKTeX\tex/latex/graphics\graphicx.sty
Package: graphicx 2021/09/16 v1.2d Enhanced LaTeX Graphics (DPC,SPQR)

(C:\Users\User\AppData\Local\Programs\MiKTeX\tex/latex/graphics\keyval.sty
Package: keyval 2022/05/29 v1.15 key=value parser (DPC)
\KV@toks@=\toks17
)
(C:\Users\User\AppData\Local\Programs\MiKTeX\tex/latex/graphics\graphics.sty
Package: graphics 2024/08/06 v1.4g Standard LaTeX Graphics (DPC,SPQR)

(C:\Users\User\AppData\Local\Programs\MiKTeX\tex/latex/graphics\trig.sty
Package: trig 2023/12/02 v1.11 sin cos tan (DPC)
)
(C:\Users\User\AppData\Local\Programs\MiKTeX\tex/latex/graphics-cfg\graphics.cf
g
File: graphics.cfg 2016/06/04 v1.11 sample graphics configuration
)
Package graphics Info: Driver file: pdftex.def on input line 106.

(C:\Users\User\AppData\Local\Programs\MiKTeX\tex/latex/graphics-def\pdftex.def
File: pdftex.def 2024/04/13 v1.2c Graphics/color driver for pdftex
))
\Gin@req@height=\dimen147
\Gin@req@width=\dimen148
) (C:\Users\User\AppData\Local\Programs\MiKTeX\tex/latex/geometry\geometry.sty
Package: geometry 2020/01/02 v5.9 Page Geometry
(C:\Users\User\AppData\Local\Programs\MiKTeX\tex/generic/iftex\ifvtex.sty
Package: ifvtex 2019/10/25 v1.7 ifvtex legacy package. Use iftex instead.

(C:\Users\User\AppData\Local\Programs\MiKTeX\tex/generic/iftex\iftex.sty
Package: iftex 2024/12/12 v1.0g TeX engine tests
))
\Gm@cnth=\count280
\Gm@cntv=\count281
\c@Gm@tempcnt=\count282
\Gm@bindingoffset=\dimen149
\Gm@wd@mp=\dimen150
\Gm@odd@mp=\dimen151
\Gm@even@mp=\dimen152
\Gm@layoutwidth=\dimen153
\Gm@layoutheight=\dimen154
\Gm@layouthoffset=\dimen155
\Gm@layoutvoffset=\dimen156
\Gm@dimlist=\toks18

(C:\Users\User\AppData\Local\Programs\MiKTeX\tex/latex/geometry\geometry.cfg))
(C:\Users\User\AppData\Local\Programs\MiKTeX\tex/latex/l3backend\l3backend-pdft
ex.def
File: l3backend-pdftex.def 2025-04-14 L3 backend support: PDF output (pdfTeX)
\l__color_backend_stack_int=\count283
) (report.aux)
\openout1 = `report.aux'.

LaTeX Font Info:    Checking defaults for OML/cmm/m/it on input line 7.
LaTeX Font Info:    ... okay on input line 7.
LaTeX Font Info:    Checking defaults for OMS/cmsy/m/n on input line 7.
LaTeX Font Info:    ... okay on input line 7.
LaTeX Font Info:    Checking defaults for OT1/cmr/m/n on input line 7.
LaTeX Font Info:    ... okay on input line 7.
LaTeX Font Info:    Checking defaults for T1/cmr/m/n on input line 7.
LaTeX Font Info:    ... okay on input line 7.
LaTeX Font Info:    Checking defaults for TS1/cmr/m/n on input line 7.
LaTeX Font Info:    ... okay on input line 7.
LaTeX Font Info:    Checking defaults for OMX/cmex/m/n on input line 7.
LaTeX Font Info:    ... okay on input line 7.
LaTeX Font Info:    Checking defaults for U/cmr/m/n on input line 7.
LaTeX Font Info:    ... okay on input line 7.

(C:\Users\User\AppData\Local\Programs\MiKTeX\tex/context/base/mkii\supp-pdf.mki
i
[Loading MPS to PDF converter (version 2006.09.02).]
\scratchcounter=\count284
\scratchdimen=\dimen157
\scratchbox=\box53
\nofMPsegments=\count285
\nofMParguments=\count286
\everyMPshowfont=\toks19
\MPscratchCnt=\count287
\MPscratchDim=\dimen158
\MPnumerator=\count288
\makeMPintoPDFobject=\count289
\everyMPtoPDFconversion=\toks20
)
(C:\Use(C:\Users\User\AppData\Local\Programs\MiKTeX\tex/latex/epstopdf-pkg\epstopdf-ba
se.sty
Package: epstopdf-base 2020-01-24 v2.11 Base part for package epstopdf
Package epstopdf-base Info: Redefining graphics rule for `.eps' on input line 4
85.

(C:\Users\User\AppData\Local\Programs\MiKTeX\tex/latex/00miktex\epstopdf-sys.cf
g
File: epstopdf-sys.cfg 2021/03/18 v2.0 Configuration of epstopdf for MiKTeX
))
*geometry* driver: auto-detecting
*geometry* detected driver: pdftex
*geometry* verbose mode - [ preamble ] result:
* driver: pdftex
* paper: a4paper
* layout: <same size as paper>
* layoutoffset:(h,v)=(0.0pt,0.0pt)
* modes: 
* h-part:(L,W,R)=(72.26999pt, 452.9679pt, 72.26999pt)
* v-part:(T,H,B)=(72.26999pt, 700.50687pt, 72.26999pt)
* \paperwidth=597.50787pt
* \paperheight=845.04684pt
* \textwidth=452.9679pt
* \textheight=700.50687pt
* \oddsidemargin=0.0pt
* \evensidemargin=0.0pt
* \topmargin=-37.0pt
* \headheight=12.0pt
* \headsep=25.0pt
* \topskip=10.0pt
* \footskip=30.0pt
* \marginparwidth=65.0pt
* \marginparsep=11.0pt
* \columnsep=10.0pt
* \skip\footins=9.0pt plus 4.0pt minus 2.0pt
* \hoffset=0.0pt
* \voffset=0.0pt
* \mag=1000
* \@twocolumnfalse
* \@twosidefalse
* \@mparswitchfalse
* \@reversemarginfalse
* (1in=72.27pt=25.4mm, 1cm=28.453pt)

LaTeX Font Info:    External font `cmex10' loaded for size
(Font)              <12> on input line 11.
LaTeX Font Info:    External font `cmex10' loaded for size
(Font)              <8> on input line 11.
LaTeX Font Info:    External font `cmex10' loaded for size
(Font)              <6> on input line 11.
! Undefined control sequence.
<argument> reports/figurescorrelation 
                                      _matrix.png
l.20 ...h]{reports/figures\correlation_matrix.png}
                                                  
? 
! Emergency stop.
<argument> reports/figurescorrelation 
                                      _matrix.png
l.20 ...h]{reports/figures\correlation_matrix.png}
                                                  
End of file on the terminal!

 
Here is how much of TeX's memory you used:
 1843 strings out of 469923
 29813 string characters out of 5469655
 425319 words of memory out of 5000000
 28701 multiletter control sequences out of 15000+600000
 630465 words of font info for 52 fonts, out of 8000000 for 9000
 1141 hyphenation exceptions out of 8191
 57i,6n,65p,220b,199s stack positions out of 10000i,1000n,20000p,200000b,200000s
!  ==> Fatal error occurred, no output PDF file produced!
ftex.def Info: reports/figures/model_comparison.png  used on input li
ne 34.
(pdftex.def)             Requested size: 362.37569pt x 271.79521pt.

LaTeX Warning: `!h' float specifier changed to `!ht'.

<reports/figures/model_performance_comparison.png, id=5, 1072.4868pt x 850.1361
pt>
File: reports/figures/model_performance_comparison.png Graphic file (type png)
<use reports/figures/model_performance_comparison.png>
Package pdftex.def Info: reports/figures/model_performance_comparison.png  used
 on input line 41.
(pdftex.def)             Requested size: 362.37569pt x 287.23933pt.

LaTeX Warning: `!h' float specifier changed to `!ht'.

<reports/figures/random_forest_confusion_matrix.png, id=6, 578.16pt x 433.62pt>

File: reports/figures/random_forest_confusion_matrix.png Graphic file (type png
)
<use reports/figures/random_forest_confusion_matrix.png>
Package pdftex.def Info: reports/figures/random_forest_confusion_matrix.png  us
ed on input line 48.
(pdftex.def)             Requested size: 362.37569pt x 271.77934pt.

LaTeX Warning: `!h' float specifier changed to `!ht'.

<reports/figures/random_forest_feature_importance.png, id=7, 867.24pt x 578.16p
t>
File: reports/figures/random_forest_feature_importance.png Graphic file (type p
ng)
<use reports/figures/random_forest_feature_importance.png>
Package pdftex.def Info: reports/figures/random_forest_feature_importance.png  
used on input line 55.
(pdftex.def)             Requested size: 362.37569pt x 241.58163pt.

LaTeX Warning: `!h' float specifier changed to `!ht'.

<reports/figures/random_forest_pred_vs_actual.png, id=8, 722.7pt x 433.62pt>
File: reports/figures/random_forest_pred_vs_actual.png Graphic file (type png)
<use reports/figures/random_forest_pred_vs_actual.png>
Package pdftex.def Info: reports/figures/random_forest_pred_vs_actual.png  used
 on input line 62.
(pdftex.def)             Requested size: 362.37569pt x 217.4248pt.

LaTeX Warning: `!h' float specifier changed to `!ht'.

<reports/figures/residual_analysis.png, id=9, 1071.2823pt x 1275.5655pt>
File: reports/figures/residual_analysis.png Graphic file (type png)
<use reports/figures/residual_analysis.png>
Package pdftex.def Info: reports/figures/residual_analysis.png  used on input l
ine 69.
(pdftex.def)             Requested size: 362.37569pt x 431.48717pt.

LaTeX Warning: `!h' float specifier changed to `!ht'.

<reports/figures/roc_curve_comparison.png, id=10, 722.7pt x 578.16pt>
File: reports/figures/roc_curve_comparison.png Graphic file (type png)
<use reports/figures/roc_curve_comparison.png>
Package pdftex.def Info: reports/figures/roc_curve_comparison.png  used on inpu
t line 76.
(pdftex.def)             Requested size: 362.37569pt x 289.89973pt.

LaTeX Warning: `!h' float specifier changed to `!ht'.

<reports/figures/scatter_actual_vs_predicted.png, id=11, 1072.9686pt x 709.2096
pt>
File: reports/figures/scatter_actual_vs_predicted.png Graphic file (type png)
<use reports/figures/scatter_actual_vs_predicted.png>
Package pdftex.def Info: reports/figures/scatter_actual_vs_predicted.png  used 
on input line 83.
(pdftex.def)             Requested size: 362.37569pt x 239.52646pt.

LaTeX Warning: `!h' float specifier changed to `!ht'.

<reports/figures/time_series.png, id=12, 867.24pt x 433.62pt>
File: reports/figures/time_series.png Graphic file (type png)
<use reports/figures/time_series.png>
Package pdftex.def Info: reports/figures/time_series.png  used on input line 90
.
(pdftex.def)             Requested size: 362.37569pt x 181.18623pt.

LaTeX Warning: `!h' float specifier changed to `!ht'.

<reports/figures/time_series_linear_regression.png, id=13, 1072.9686pt x 566.35
59pt>
File: reports/figures/time_series_linear_regression.png Graphic file (type png)

<use reports/figures/time_series_linear_regression.png>
Package pdftex.def Info: reports/figures/time_series_linear_regression.png  use
d on input line 97.
(pdftex.def)             Requested size: 362.37569pt x 191.27945pt.

LaTeX Warning: `!h' float specifier changed to `!ht'.

<reports/figures/xgboost_confusion_matrix.png, id=14, 578.16pt x 433.62pt>
File: reports/figures/xgboost_confusion_matrix.png Graphic file (type png)
<use reports/figures/xgboost_confusion_matrix.png>
Package pdftex.def Info: reports/figures/xgboost_confusion_matrix.png  used on 
input line 104.
(pdftex.def)             Requested size: 362.37569pt x 271.77934pt.

LaTeX Warning: `!h' float specifier changed to `!ht'.

<reports/figures/xgboost_feature_importance.png, id=15, 867.24pt x 578.16pt>
File: reports/figures/xgboost_feature_importance.png Graphic file (type png)
<use reports/figures/xgboost_feature_importance.png>
Package pdftex.def Info: reports/figures/xgboost_feature_importance.png  used o
n input line 111.
(pdftex.def)             Requested size: 362.37569pt x 241.58163pt.

LaTeX Warning: `!h' float specifier changed to `!ht'.

<reports/figures/xgboost_pred_vs_actual.png, id=16, 722.7pt x 433.62pt>
File: reports/figures/xgboost_pred_vs_actual.png Graphic file (type png)
<use reports/figures/xgboost_pred_vs_actual.png>
Package pdftex.def Info: reports/figures/xgboost_pred_vs_actual.png  used on in
put line 118.
(pdftex.def)             Requested size: 362.37569pt x 217.4248pt.

LaTeX Warning: `!h' float specifier changed to `!ht'.



[1

{C:/Users/User/AppData/Local/MiKTeX/fonts/map/pdftex/pdftex.map} <./reports/fig
ures/correlation_matrix.png>]

[2 <./reports/figures/knn_pred_vs_actual.png> <./reports/figures/model_comparis
on.png>]

[3 <./reports/figures/model_performance_comparison.png> <./reports/figures/rand
om_forest_confusion_matrix.png>]

[4 <./reports/figures/random_forest_feature_importance.png> <./reports/figures/
random_forest_pred_vs_actual.png>]

[5 <./reports/figures/residual_analysis.png>]

[6 <./reports/figures/roc_curve_comparison.png> <./reports/figures/scatter_actu
al_vs_predicted.png>]

[7 <./reports/figures/time_series.png> <./reports/figures/time_series_linear_re
gression.png>]

[8 <./reports/figures/xgboost_confusion_matrix.png> <./reports/figures/xgboost_
feature_importance.png>]

[9 <./reports/figures/xgboost_pred_vs_actual.png>] (report.aux)
 ***********
LaTeX2e <2024-11-01> patch level 2
L3 programming layer <2025-04-29>
 ***********


LaTeX Warning: Label(s) may have changed. Rerun to get cross-references right.

 ) 
Here is how much of TeX's memory you used:
 1974 strings out of 469923
 35898 string characters out of 5469655
 430319 words of memory out of 5000000
 28825 multiletter control sequences out of 15000+600000
 630465 words of font info for 52 fonts, out of 8000000 for 9000
 1141 hyphenation exceptions out of 8191
 57i,6n,65p,220b,232s stack positions out of 10000i,1000n,20000p,200000b,200000s
<C:/Users/User/AppData/Local/Programs/MiKTeX/fonts/type1/public/amsfonts/cm/c
mbx12.pfb><C:/Users/User/AppData/Local/Programs/MiKTeX/fonts/type1/public/amsfo
nts/cm/cmr10.pfb><C:/Users/User/AppData/Local/Programs/MiKTeX/fonts/type1/publi
c/amsfonts/cm/cmr12.pfb><C:/Users/User/AppData/Local/Programs/MiKTeX/fonts/type
1/public/amsfonts/cm/cmr17.pfb>
Output written on report.pdf (9 pages, 2987357 bytes).
PDF statistics:
 83 PDF objects out of 1000 (max. 8388607)
 0 named destinations out of 1000 (max. 500000)
 76 words of extra memory for PDF output out of 10000 (max. 10000000)

